<?xml version="1.0" encoding="utf-8"?><testsuites name="pytest tests"><testsuite name="pytest" errors="0" failures="0" skipped="0" tests="15" time="3.648" timestamp="2026-08-08T01:51:26.291274+00:00" hostname="agent-env-df3dd5a8-f8d2-4d2b-a6f8-66f4eb640bd1"><testcase classname="tests.test_iteration2" name="test_public_hours" time="0.216" /><testcase classname="tests.test_iteration2" name="test_admin_hours_requires_auth" time="0.046" /><testcase classname="tests.test_iteration2" name="test_admin_hours_get_with_token" time="0.044" /><testcase classname="tests.test_iteration2" name="test_patch_hours_changes_monday_slots" time="0.095" /><testcase classname="tests.test_iteration2" name="test_patch_hours_close_tuesday" time="0.095" /><testcase classname="tests.test_iteration2" name="test_reset_hours_to_defaults" time="0.088" /><testcase classname="tests.test_iteration2" name="test_create_booking_returns_manage_token" time="0.047" /><testcase classname="tests.test_iteration2" name="test_manage_get_by_token" time="0.097" /><testcase classname="tests.test_iteration2" name="test_manage_get_invalid_token" time="0.048" /><testcase classname="tests.test_iteration2" name="test_manage_reschedule_success_and_frees_old_slot" time="0.682" /><testcase classname="tests.test_iteration2" name="test_manage_reschedule_invalid_slot" time="0.219" /><testcase classname="tests.test_iteration2" name="test_manage_reschedule_closed_day" time="0.097" /><testcase classname="tests.test_iteration2" name="test_manage_reschedule_conflict_409" time="0.144" /><testcase classname="tests.test_iteration2" name="test_manage_cancel_frees_slot" time="0.641" /><testcase classname="tests.test_iteration2" name="test_manage_cancel_completed_returns_400" time="0.149" /></testsuite></testsuites>