<?xml version="1.0" encoding="utf-8"?><testsuites name="pytest tests"><testsuite name="pytest" errors="0" failures="1" skipped="0" tests="32" time="5.004" timestamp="2026-08-08T01:51:34.139181+00:00" hostname="agent-env-df3dd5a8-f8d2-4d2b-a6f8-66f4eb640bd1"><testcase classname="tests.backend_test" name="test_services_returns_8" time="0.123" /><testcase classname="tests.test_iteration2" name="test_public_hours" time="0.196" /><testcase classname="tests.backend_test" name="test_availability_monday_60min" time="0.047" /><testcase classname="tests.backend_test" name="test_availability_saturday_30min" time="0.084" /><testcase classname="tests.test_iteration2" name="test_admin_hours_requires_auth" time="0.045" /><testcase classname="tests.test_iteration2" name="test_admin_hours_get_with_token" time="0.046" /><testcase classname="tests.backend_test" name="test_availability_sunday_closed" time="0.044" /><testcase classname="tests.test_iteration2" name="test_patch_hours_changes_monday_slots" time="0.131" /><testcase classname="tests.backend_test" name="test_availability_invalid_date" time="0.045" /><testcase classname="tests.backend_test" name="test_booking_create_success_and_get" time="0.050"><failure message="AssertionError: {&quot;detail&quot;:&quot;Selected time slot is no longer available&quot;}&#10;assert 409 == 200&#10; +  where 409 = &lt;Response [409]&gt;.status_code">backend/tests/backend_test.py:171: in test_booking_create_success_and_get
    assert r.status_code == 200, r.text
E   AssertionError: {"detail":"Selected time slot is no longer available"}
E   assert 409 == 200
E    +  where 409 = &lt;Response [409]&gt;.status_code</failure></testcase><testcase classname="tests.backend_test" name="test_booking_invalid_service" time="0.049" /><testcase classname="tests.test_iteration2" name="test_patch_hours_close_tuesday" time="0.090" /><testcase classname="tests.backend_test" name="test_booking_sunday_rejected" time="0.049" /><testcase classname="tests.test_iteration2" name="test_reset_hours_to_defaults" time="0.092" /><testcase classname="tests.backend_test" name="test_booking_conflict_409" time="0.181" /><testcase classname="tests.test_iteration2" name="test_create_booking_returns_manage_token" time="0.046" /><testcase classname="tests.test_iteration2" name="test_manage_get_by_token" time="0.105" /><testcase classname="tests.test_iteration2" name="test_manage_get_invalid_token" time="0.044" /><testcase classname="tests.backend_test" name="test_payments_checkout_creates_session" time="0.810" /><testcase classname="tests.test_iteration2" name="test_manage_reschedule_success_and_frees_old_slot" time="1.232" /><testcase classname="tests.backend_test" name="test_payment_status_pending" time="0.170" /><testcase classname="tests.backend_test" name="test_admin_bookings_requires_auth" time="0.043" /><testcase classname="tests.backend_test" name="test_admin_stats_requires_auth" time="0.066" /><testcase classname="tests.backend_test" name="test_admin_non_admin_forbidden" time="0.047" /><testcase classname="tests.backend_test" name="test_admin_bookings_list_with_admin" time="0.047" /><testcase classname="tests.backend_test" name="test_admin_stats_with_admin" time="0.049" /><testcase classname="tests.backend_test" name="test_admin_status_and_reschedule" time="2.142" /><testcase classname="tests.test_iteration2" name="test_manage_reschedule_invalid_slot" time="0.094" /><testcase classname="tests.test_iteration2" name="test_manage_reschedule_closed_day" time="0.093" /><testcase classname="tests.test_iteration2" name="test_manage_reschedule_conflict_409" time="0.140" /><testcase classname="tests.test_iteration2" name="test_manage_cancel_frees_slot" time="0.577" /><testcase classname="tests.test_iteration2" name="test_manage_cancel_completed_returns_400" time="0.144" /></testsuite></testsuites>