<?xml version="1.0" encoding="utf-8"?><testsuites name="pytest tests"><testsuite name="pytest" errors="0" failures="2" skipped="0" tests="17" time="3.563" timestamp="2026-08-08T01:32:31.795664+00:00" hostname="agent-env-df3dd5a8-f8d2-4d2b-a6f8-66f4eb640bd1"><testcase classname="tests.backend_test" name="test_services_returns_8" time="0.212" /><testcase classname="tests.backend_test" name="test_availability_monday_60min" time="0.060" /><testcase classname="tests.backend_test" name="test_availability_saturday_30min" time="0.053" /><testcase classname="tests.backend_test" name="test_availability_sunday_closed" time="0.048" /><testcase classname="tests.backend_test" name="test_availability_invalid_date" time="0.045" /><testcase classname="tests.backend_test" name="test_booking_create_success_and_get" time="0.165" /><testcase classname="tests.backend_test" name="test_booking_invalid_service" time="0.043" /><testcase classname="tests.backend_test" name="test_booking_sunday_rejected" time="0.052" /><testcase classname="tests.backend_test" name="test_booking_conflict_409" time="0.139" /><testcase classname="tests.backend_test" name="test_payments_checkout_creates_session" time="0.504"><failure message="AssertionError: Internal Server Error&#10;assert 500 == 200&#10; +  where 500 = &lt;Response [500]&gt;.status_code">backend/tests/backend_test.py:234: in test_payments_checkout_creates_session
    assert r.status_code == 200, r.text
E   AssertionError: Internal Server Error
E   assert 500 == 200
E    +  where 500 = &lt;Response [500]&gt;.status_code</failure></testcase><testcase classname="tests.backend_test" name="test_payment_status_pending" time="0.000"><failure message="AssertionError: checkout must run first&#10;assert None">backend/tests/backend_test.py:249: in test_payment_status_pending
    assert sid, "checkout must run first"
E   AssertionError: checkout must run first
E   assert None</failure></testcase><testcase classname="tests.backend_test" name="test_admin_bookings_requires_auth" time="0.045" /><testcase classname="tests.backend_test" name="test_admin_stats_requires_auth" time="0.046" /><testcase classname="tests.backend_test" name="test_admin_non_admin_forbidden" time="0.118" /><testcase classname="tests.backend_test" name="test_admin_bookings_list_with_admin" time="0.053" /><testcase classname="tests.backend_test" name="test_admin_stats_with_admin" time="0.045" /><testcase classname="tests.backend_test" name="test_admin_status_and_reschedule" time="0.928" /></testsuite></testsuites>